<?xml version="1.0" encoding="UTF-8"?>
<!-- Generated by org.testng.reporters.JUnitReportReporter -->
<testsuite skipped="0" hostname="DESKTOP-VTS6CAM" name="ArrovalAndRejectionOfBulks" tests="1" failures="0" timestamp="2022-01-05T14:43:18 EET" time="41.757" errors="0">
  <testcase name="RejectAll" time="41.757" classname="ArrovalAndRejectionOfBulks"/>
  <system-out/>
</testsuite> <!-- ArrovalAndRejectionOfBulks -->
