<?xml version="1.0" encoding="UTF-8"?>
<!-- Generated by org.testng.reporters.JUnitReportReporter -->
<testsuite skipped="3" hostname="DESKTOP-VTS6CAM" name="RecordManySystemReferneces" tests="13" failures="0" timestamp="2022-01-04T16:00:18 EET" time="36.333" errors="0">
  <testcase name="makeTransaction" time="2.339" classname="RecordManySystemReferneces"/>
  <system-out/>
  <testcase name="makeTransaction" time="3.280" classname="RecordManySystemReferneces"/>
  <system-out/>
  <testcase name="makeTransaction" time="2.351" classname="RecordManySystemReferneces"/>
  <system-out/>
  <testcase name="makeTransaction" time="5.755" classname="RecordManySystemReferneces"/>
  <system-out/>
  <testcase name="makeTransaction" time="3.921" classname="RecordManySystemReferneces"/>
  <system-out/>
  <testcase name="makeTransaction" time="3.585" classname="RecordManySystemReferneces"/>
  <system-out/>
  <testcase name="makeTransaction" time="2.354" classname="RecordManySystemReferneces"/>
  <system-out/>
  <testcase name="makeTransaction" time="3.949" classname="RecordManySystemReferneces"/>
  <system-out/>
  <testcase name="makeTransaction" time="4.514" classname="RecordManySystemReferneces"/>
  <system-out/>
  <testcase name="makeTransaction" time="4.285" classname="RecordManySystemReferneces"/>
  <system-out/>
  <testcase name="transactionReportNewItem" classname="RecordManySystemReferneces">
    <skipped/>
  </testcase> <!-- transactionReportNewItem -->
  <system-out/>
  <testcase name="testKeys" classname="RecordManySystemReferneces">
    <skipped/>
  </testcase> <!-- testKeys -->
  <system-out/>
  <testcase name="singleUse" classname="RecordManySystemReferneces">
    <skipped/>
  </testcase> <!-- singleUse -->
  <system-out/>
</testsuite> <!-- RecordManySystemReferneces -->
