<?xml version="1.0" encoding="UTF-8"?>
<!-- Generated by org.testng.reporters.JUnitReportReporter -->
<testsuite skipped="0" hostname="DESKTOP-VTS6CAM" name="SupervisorMerchantsManagement" tests="3" failures="0" timestamp="2022-01-04T15:52:17 EET" time="57.341" errors="0">
  <testcase name="approveCreateMerchant" time="22.238" classname="SupervisorMerchantsManagement"/>
  <system-out/>
  <testcase name="editMerchant" time="21.195" classname="SupervisorMerchantsManagement"/>
  <system-out/>
  <testcase name="deleteMerchant" time="13.908" classname="SupervisorMerchantsManagement"/>
  <system-out/>
</testsuite> <!-- SupervisorMerchantsManagement -->
