<?xml version="1.0" encoding="UTF-8"?>
<!-- Generated by org.testng.reporters.JUnitReportReporter -->
<testsuite skipped="0" hostname="DESKTOP-VTS6CAM" name="ApprovalPipelineDetails" tests="7" failures="0" timestamp="2022-01-04T16:06:12 EET" time="0.258" errors="0">
  <testcase name="pipelineID" time="0.038" classname="ApprovalPipelineDetails"/>
  <system-out/>
  <testcase name="operationType" time="0.039" classname="ApprovalPipelineDetails"/>
  <system-out/>
  <testcase name="actionType" time="0.029" classname="ApprovalPipelineDetails"/>
  <system-out/>
  <testcase name="merchantName" time="0.029" classname="ApprovalPipelineDetails"/>
  <system-out/>
  <testcase name="status" time="0.031" classname="ApprovalPipelineDetails"/>
  <system-out/>
  <testcase name="Maker" time="0.033" classname="ApprovalPipelineDetails"/>
  <system-out/>
  <testcase name="dateTime" time="0.059" classname="ApprovalPipelineDetails"/>
  <system-out/>
</testsuite> <!-- ApprovalPipelineDetails -->
