<?xml version="1.0" encoding="UTF-8"?>
<!-- Generated by org.testng.reporters.JUnitReportReporter -->
<testsuite skipped="0" hostname="DESKTOP-VTS6CAM" name="ViewPaymentOrderStatus" tests="3" failures="0" timestamp="2022-01-04T15:49:30 EET" time="25.015" errors="0">
  <testcase name="unPaid" time="1.729" classname="ViewPaymentOrderStatus"/>
  <system-out/>
  <testcase name="partialllyPaid" time="13.401" classname="ViewPaymentOrderStatus"/>
  <system-out/>
  <testcase name="paid" time="9.885" classname="ViewPaymentOrderStatus"/>
  <system-out/>
</testsuite> <!-- ViewPaymentOrderStatus -->
