<?xml version="1.0" encoding="UTF-8"?>
<!-- Generated by org.testng.reporters.JUnitReportReporter -->
<testsuite skipped="0" hostname="DESKTOP-VTS6CAM" name="ApprovalPipelineDetails" tests="7" failures="0" timestamp="2022-01-04T17:11:44 EET" time="1.003" errors="0">
  <testcase name="pipelineID" time="0.138" classname="ApprovalPipelineDetails"/>
  <system-out/>
  <testcase name="operationType" time="0.107" classname="ApprovalPipelineDetails"/>
  <system-out/>
  <testcase name="actionType" time="0.107" classname="ApprovalPipelineDetails"/>
  <system-out/>
  <testcase name="merchantName" time="0.108" classname="ApprovalPipelineDetails"/>
  <system-out/>
  <testcase name="status" time="0.102" classname="ApprovalPipelineDetails"/>
  <system-out/>
  <testcase name="Maker" time="0.106" classname="ApprovalPipelineDetails"/>
  <system-out/>
  <testcase name="dateTime" time="0.335" classname="ApprovalPipelineDetails"/>
  <system-out/>
</testsuite> <!-- ApprovalPipelineDetails -->
