<?xml version="1.0" encoding="UTF-8"?>
<!-- Generated by org.testng.reporters.JUnitReportReporter -->
<testsuite skipped="0" hostname="DESKTOP-VTS6CAM" name="MerchantsList" tests="5" failures="0" timestamp="2022-01-09T11:54:39 EET" time="199.317" errors="0">
  <testcase name="createMerchant" time="56.411" classname="MerchantsList"/>
  <system-out/>
  <testcase name="viewDetails" time="14.922" classname="MerchantsList"/>
  <system-out/>
  <testcase name="viewTerminals" time="23.563" classname="MerchantsList"/>
  <system-out/>
  <testcase name="editMerchant" time="54.390" classname="MerchantsList"/>
  <system-out/>
  <testcase name="deleteMerchant" time="50.031" classname="MerchantsList"/>
  <system-out/>
</testsuite> <!-- MerchantsList -->
