<?xml version="1.0" encoding="UTF-8"?>
<!-- Generated by org.testng.reporters.JUnitReportReporter -->
<testsuite skipped="0" hostname="DESKTOP-VTS6CAM" name="CreateUsersTestCases" tests="10" failures="0" timestamp="2022-01-12T14:31:53 EET" time="131.495" errors="0">
  <testcase name="createBank" time="24.609" classname="CreateUsersTestCases"/>
  <system-out/>
  <testcase name="createBankAdminSuperVisor" time="12.136" classname="CreateUsersTestCases"/>
  <system-out/>
  <testcase name="createBankUsers" time="13.407" classname="CreateUsersTestCases"/>
  <system-out/>
  <testcase name="createBankUsers" time="13.227" classname="CreateUsersTestCases"/>
  <system-out/>
  <testcase name="createBankUsers" time="10.246" classname="CreateUsersTestCases"/>
  <system-out/>
  <testcase name="createBankUsers" time="10.257" classname="CreateUsersTestCases"/>
  <system-out/>
  <testcase name="createBankUsers" time="11.847" classname="CreateUsersTestCases"/>
  <system-out/>
  <testcase name="createBankUsers" time="10.186" classname="CreateUsersTestCases"/>
  <system-out/>
  <testcase name="createBankUsers" time="13.422" classname="CreateUsersTestCases"/>
  <system-out/>
  <testcase name="createBankUsers" time="12.158" classname="CreateUsersTestCases"/>
  <system-out/>
</testsuite> <!-- CreateUsersTestCases -->
