<?xml version="1.0" encoding="UTF-8"?>
<!-- Generated by org.testng.reporters.JUnitReportReporter -->
<testsuite skipped="1" hostname="DESKTOP-VTS6CAM" name="LoginTestMethods" tests="8" failures="0" timestamp="2022-01-04T16:01:04 EET" time="32.904" errors="0">
  <testcase name="validNamePass" time="6.617" classname="LoginTestMethods"/>
  <system-out/>
  <testcase name="emptyNamePass" time="3.937" classname="LoginTestMethods"/>
  <system-out/>
  <testcase name="emptyName" time="6.022" classname="LoginTestMethods"/>
  <system-out/>
  <testcase name="emptyPass" time="3.952" classname="LoginTestMethods"/>
  <system-out/>
  <testcase name="invalidName" time="3.929" classname="LoginTestMethods"/>
  <system-out/>
  <testcase name="invalidPass" time="4.145" classname="LoginTestMethods"/>
  <system-out/>
  <testcase name="invalidNamePass" time="4.302" classname="LoginTestMethods"/>
  <system-out/>
  <testcase name="userBlock" classname="LoginTestMethods">
    <skipped/>
  </testcase> <!-- userBlock -->
  <system-out/>
</testsuite> <!-- LoginTestMethods -->
