<?xml version="1.0" encoding="UTF-8"?>
<!-- Generated by org.testng.reporters.JUnitReportReporter -->
<testsuite skipped="0" hostname="DESKTOP-VTS6CAM" name="supportTicketTestCases" tests="25" failures="0" timestamp="2022-01-04T15:48:16 EET" time="7.464" errors="0">
  <testcase name="emptyDetails" time="0.193" classname="supportTicketTestCases"/>
  <system-out/>
  <testcase name="emptyTerminal" time="0.187" classname="supportTicketTestCases"/>
  <system-out/>
  <testcase name="validSubmit" time="1.063" classname="supportTicketTestCases"/>
  <system-out/>
  <testcase name="validTicketID" time="0.593" classname="supportTicketTestCases"/>
  <system-out/>
  <testcase name="validSeverity" time="0.029" classname="supportTicketTestCases"/>
  <system-out/>
  <testcase name="validTerminal" time="0.030" classname="supportTicketTestCases"/>
  <system-out/>
  <testcase name="validRequest" time="0.032" classname="supportTicketTestCases"/>
  <system-out/>
  <testcase name="validMerchantName" time="0.028" classname="supportTicketTestCases"/>
  <system-out/>
  <testcase name="testCloseCheckbox" time="0.029" classname="supportTicketTestCases"/>
  <system-out/>
  <testcase name="validDateTime" time="0.040" classname="supportTicketTestCases"/>
  <system-out/>
  <testcase name="validClosedDateEmpty" time="0.033" classname="supportTicketTestCases"/>
  <system-out/>
  <testcase name="validDetailsTicketID" time="0.675" classname="supportTicketTestCases"/>
  <system-out/>
  <testcase name="validDetailsMerchantName" time="0.038" classname="supportTicketTestCases"/>
  <system-out/>
  <testcase name="validDetailsRequestType" time="0.029" classname="supportTicketTestCases"/>
  <system-out/>
  <testcase name="validDetailsMaker" time="0.029" classname="supportTicketTestCases"/>
  <system-out/>
  <testcase name="validDetailsSeverity" time="0.031" classname="supportTicketTestCases"/>
  <system-out/>
  <testcase name="validDetailsequestDate" time="0.036" classname="supportTicketTestCases"/>
  <system-out/>
  <testcase name="validDetailsCloseState" time="0.025" classname="supportTicketTestCases"/>
  <system-out/>
  <testcase name="validMessageHide" time="1.911" classname="supportTicketTestCases"/>
  <system-out/>
  <testcase name="validMessageHeader" time="0.024" classname="supportTicketTestCases"/>
  <system-out/>
  <testcase name="validMessageContent" time="0.109" classname="supportTicketTestCases"/>
  <system-out/>
  <testcase name="reply" time="1.306" classname="supportTicketTestCases"/>
  <system-out/>
  <testcase name="closeRequest" time="0.930" classname="supportTicketTestCases"/>
  <system-out/>
  <testcase name="testCloseCheckboxChecked" time="0.033" classname="supportTicketTestCases"/>
  <system-out/>
  <testcase name="validClosedDate" time="0.031" classname="supportTicketTestCases"/>
  <system-out/>
</testsuite> <!-- supportTicketTestCases -->
